

Started GET "/" for 127.0.0.1 at 2014-05-16 22:55:56 +0200

ActiveRecord::PendingMigrationError (

Migrations are pending. To resolve this issue, run:

	bin/rake db:migrate RAILS_ENV=development

):
  activerecord (4.1.0) lib/active_record/migration.rb:389:in `check_pending!'
  activerecord (4.1.0) lib/active_record/migration.rb:377:in `call'
  actionpack (4.1.0) lib/action_dispatch/middleware/callbacks.rb:29:in `block in call'
  activesupport (4.1.0) lib/active_support/callbacks.rb:82:in `run_callbacks'
  actionpack (4.1.0) lib/action_dispatch/middleware/callbacks.rb:27:in `call'
  actionpack (4.1.0) lib/action_dispatch/middleware/reloader.rb:73:in `call'
  actionpack (4.1.0) lib/action_dispatch/middleware/remote_ip.rb:76:in `call'
  actionpack (4.1.0) lib/action_dispatch/middleware/debug_exceptions.rb:17:in `call'
  actionpack (4.1.0) lib/action_dispatch/middleware/show_exceptions.rb:30:in `call'
  railties (4.1.0) lib/rails/rack/logger.rb:38:in `call_app'
  railties (4.1.0) lib/rails/rack/logger.rb:20:in `block in call'
  activesupport (4.1.0) lib/active_support/tagged_logging.rb:68:in `block in tagged'
  activesupport (4.1.0) lib/active_support/tagged_logging.rb:26:in `tagged'
  activesupport (4.1.0) lib/active_support/tagged_logging.rb:68:in `tagged'
  railties (4.1.0) lib/rails/rack/logger.rb:20:in `call'
  quiet_assets (1.0.2) lib/quiet_assets.rb:18:in `call_with_quiet_assets'
  actionpack (4.1.0) lib/action_dispatch/middleware/request_id.rb:21:in `call'
  rack (1.5.2) lib/rack/methodoverride.rb:21:in `call'
  rack (1.5.2) lib/rack/runtime.rb:17:in `call'
  activesupport (4.1.0) lib/active_support/cache/strategy/local_cache_middleware.rb:26:in `call'
  rack (1.5.2) lib/rack/lock.rb:17:in `call'
  actionpack (4.1.0) lib/action_dispatch/middleware/static.rb:64:in `call'
  rack (1.5.2) lib/rack/sendfile.rb:112:in `call'
  railties (4.1.0) lib/rails/engine.rb:514:in `call'
  railties (4.1.0) lib/rails/application.rb:144:in `call'
  rack (1.5.2) lib/rack/lock.rb:17:in `call'
  rack (1.5.2) lib/rack/content_length.rb:14:in `call'
  rack (1.5.2) lib/rack/handler/webrick.rb:60:in `service'
  /home/ja/.rvm/rubies/ruby-2.1.1/lib/ruby/2.1.0/webrick/httpserver.rb:138:in `service'
  /home/ja/.rvm/rubies/ruby-2.1.1/lib/ruby/2.1.0/webrick/httpserver.rb:94:in `run'
  /home/ja/.rvm/rubies/ruby-2.1.1/lib/ruby/2.1.0/webrick/server.rb:295:in `block in start_thread'


  Rendered /home/ja/.rvm/gems/ruby-2.1.1/gems/actionpack-4.1.0/lib/action_dispatch/middleware/templates/rescues/_source.erb (1.0ms)
  Rendered /home/ja/.rvm/gems/ruby-2.1.1/gems/actionpack-4.1.0/lib/action_dispatch/middleware/templates/rescues/_trace.html.erb (1.8ms)
  Rendered /home/ja/.rvm/gems/ruby-2.1.1/gems/actionpack-4.1.0/lib/action_dispatch/middleware/templates/rescues/_request_and_response.html.erb (1.7ms)
  Rendered /home/ja/.rvm/gems/ruby-2.1.1/gems/actionpack-4.1.0/lib/action_dispatch/middleware/templates/rescues/diagnostics.erb within rescues/layout (19.0ms)
  [1m[36m (152.8ms)[0m  [1mCREATE TABLE "schema_migrations" ("version" varchar(255) NOT NULL) [0m
  [1m[35m (0.3ms)[0m  select sqlite_version(*)
  [1m[36m (131.6ms)[0m  [1mCREATE UNIQUE INDEX "unique_schema_migrations" ON "schema_migrations" ("version")[0m
  [1m[35mActiveRecord::SchemaMigration Load (0.4ms)[0m  SELECT "schema_migrations".* FROM "schema_migrations"
Migrating to CreateUsers (20140516205143)
  [1m[36m (0.1ms)[0m  [1mbegin transaction[0m
  [1m[35m (0.8ms)[0m  CREATE TABLE "users" ("id" INTEGER PRIMARY KEY AUTOINCREMENT NOT NULL, "provider" varchar(255), "uid" varchar(255), "name" varchar(255), "oauth_token" varchar(255), "oauth_expires_at" datetime, "created_at" datetime, "updated_at" datetime) 
  [1m[36mSQL (0.3ms)[0m  [1mINSERT INTO "schema_migrations" ("version") VALUES (?)[0m  [["version", "20140516205143"]]
  [1m[35m (116.5ms)[0m  commit transaction
  [1m[36mActiveRecord::SchemaMigration Load (0.4ms)[0m  [1mSELECT "schema_migrations".* FROM "schema_migrations"[0m


Started GET "/" for 127.0.0.1 at 2014-05-16 22:56:23 +0200
  [1m[36mActiveRecord::SchemaMigration Load (0.2ms)[0m  [1mSELECT "schema_migrations".* FROM "schema_migrations"[0m
Processing by HomeController#index as HTML
  [1m[35mUser Load (0.3ms)[0m  SELECT  "users".* FROM "users"  WHERE "users"."id" = ? LIMIT 1  [["id", 1]]
  Rendered home/index.html.erb within layouts/application (14.7ms)
Completed 500 Internal Server Error in 2557ms

ActiveRecord::RecordNotFound (Couldn't find User with 'id'=1):
  app/controllers/application_controller.rb:6:in `current_user'
  app/views/home/index.html.erb:2:in `_app_views_home_index_html_erb__1072353235971109669_34106420'


  Rendered /home/ja/.rvm/gems/ruby-2.1.1/gems/actionpack-4.1.0/lib/action_dispatch/middleware/templates/rescues/_source.erb (1.0ms)
  Rendered /home/ja/.rvm/gems/ruby-2.1.1/gems/actionpack-4.1.0/lib/action_dispatch/middleware/templates/rescues/_trace.html.erb (2.2ms)
  Rendered /home/ja/.rvm/gems/ruby-2.1.1/gems/actionpack-4.1.0/lib/action_dispatch/middleware/templates/rescues/_request_and_response.html.erb (1.6ms)
  Rendered /home/ja/.rvm/gems/ruby-2.1.1/gems/actionpack-4.1.0/lib/action_dispatch/middleware/templates/rescues/diagnostics.erb within rescues/layout (17.9ms)
  [1m[36mActiveRecord::SchemaMigration Load (0.2ms)[0m  [1mSELECT "schema_migrations".* FROM "schema_migrations"[0m


Started GET "/" for 127.0.0.1 at 2014-05-16 22:57:52 +0200
  [1m[36mActiveRecord::SchemaMigration Load (0.2ms)[0m  [1mSELECT "schema_migrations".* FROM "schema_migrations"[0m
Processing by HomeController#index as HTML
  [1m[35mUser Load (0.3ms)[0m  SELECT  "users".* FROM "users"  WHERE "users"."id" = ? LIMIT 1  [["id", 1]]
  Rendered home/index.html.erb within layouts/application (14.9ms)
Completed 500 Internal Server Error in 2814ms

ActiveRecord::RecordNotFound (Couldn't find User with 'id'=1):
  app/controllers/application_controller.rb:6:in `current_user'
  app/views/home/index.html.erb:2:in `_app_views_home_index_html_erb___544991091191426679_41008980'


  Rendered /home/ja/.rvm/gems/ruby-2.1.1/gems/actionpack-4.1.0/lib/action_dispatch/middleware/templates/rescues/_source.erb (1.1ms)
  Rendered /home/ja/.rvm/gems/ruby-2.1.1/gems/actionpack-4.1.0/lib/action_dispatch/middleware/templates/rescues/_trace.html.erb (2.1ms)
  Rendered /home/ja/.rvm/gems/ruby-2.1.1/gems/actionpack-4.1.0/lib/action_dispatch/middleware/templates/rescues/_request_and_response.html.erb (1.6ms)
  Rendered /home/ja/.rvm/gems/ruby-2.1.1/gems/actionpack-4.1.0/lib/action_dispatch/middleware/templates/rescues/diagnostics.erb within rescues/layout (17.8ms)


Started GET "/" for 127.0.0.1 at 2014-05-16 22:59:45 +0200
  [1m[36mActiveRecord::SchemaMigration Load (0.3ms)[0m  [1mSELECT "schema_migrations".* FROM "schema_migrations"[0m
Processing by HomeController#index as HTML
  [1m[35mUser Load (0.3ms)[0m  SELECT  "users".* FROM "users"  WHERE "users"."id" = ? LIMIT 1  [["id", 1]]
  Rendered home/index.html.erb within layouts/application (15.0ms)
Completed 500 Internal Server Error in 2758ms

ActiveRecord::RecordNotFound (Couldn't find User with 'id'=1):
  app/controllers/application_controller.rb:6:in `current_user'
  app/views/home/index.html.erb:2:in `_app_views_home_index_html_erb__2130691222120896629_36185480'


  Rendered /home/ja/.rvm/gems/ruby-2.1.1/gems/actionpack-4.1.0/lib/action_dispatch/middleware/templates/rescues/_source.erb (1.2ms)
  Rendered /home/ja/.rvm/gems/ruby-2.1.1/gems/actionpack-4.1.0/lib/action_dispatch/middleware/templates/rescues/_trace.html.erb (2.1ms)
  Rendered /home/ja/.rvm/gems/ruby-2.1.1/gems/actionpack-4.1.0/lib/action_dispatch/middleware/templates/rescues/_request_and_response.html.erb (1.6ms)
  Rendered /home/ja/.rvm/gems/ruby-2.1.1/gems/actionpack-4.1.0/lib/action_dispatch/middleware/templates/rescues/diagnostics.erb within rescues/layout (18.1ms)


Started GET "/" for 127.0.0.1 at 2014-05-16 22:59:49 +0200
Processing by HomeController#index as HTML
  [1m[36mUser Load (0.3ms)[0m  [1mSELECT  "users".* FROM "users"  WHERE "users"."id" = ? LIMIT 1[0m  [["id", 1]]
  Rendered home/index.html.erb within layouts/application (4.2ms)
Completed 500 Internal Server Error in 554ms

ActiveRecord::RecordNotFound (Couldn't find User with 'id'=1):
  app/controllers/application_controller.rb:6:in `current_user'
  app/views/home/index.html.erb:2:in `_app_views_home_index_html_erb__2130691222120896629_36185480'


  Rendered /home/ja/.rvm/gems/ruby-2.1.1/gems/actionpack-4.1.0/lib/action_dispatch/middleware/templates/rescues/_source.erb (1.1ms)
  Rendered /home/ja/.rvm/gems/ruby-2.1.1/gems/actionpack-4.1.0/lib/action_dispatch/middleware/templates/rescues/_trace.html.erb (2.2ms)
  Rendered /home/ja/.rvm/gems/ruby-2.1.1/gems/actionpack-4.1.0/lib/action_dispatch/middleware/templates/rescues/_request_and_response.html.erb (1.5ms)
  Rendered /home/ja/.rvm/gems/ruby-2.1.1/gems/actionpack-4.1.0/lib/action_dispatch/middleware/templates/rescues/diagnostics.erb within rescues/layout (18.3ms)
  [1m[36mActiveRecord::SchemaMigration Load (0.2ms)[0m  [1mSELECT "schema_migrations".* FROM "schema_migrations"[0m
  [1m[35mActiveRecord::SchemaMigration Load (0.2ms)[0m  SELECT "schema_migrations".* FROM "schema_migrations"


Started GET "/" for 127.0.0.1 at 2014-05-16 23:01:44 +0200
  [1m[36mActiveRecord::SchemaMigration Load (0.2ms)[0m  [1mSELECT "schema_migrations".* FROM "schema_migrations"[0m
Processing by HomeController#index as HTML
  [1m[35mUser Load (0.4ms)[0m  SELECT  "users".* FROM "users"  WHERE "users"."id" = ? LIMIT 1  [["id", 1]]
  Rendered home/index.html.erb within layouts/application (14.8ms)
Completed 500 Internal Server Error in 2571ms

ActiveRecord::RecordNotFound (Couldn't find User with 'id'=1):
  app/controllers/application_controller.rb:7:in `current_user'
  app/views/home/index.html.erb:2:in `_app_views_home_index_html_erb__2108093749753255440_48254060'


  Rendered /home/ja/.rvm/gems/ruby-2.1.1/gems/actionpack-4.1.0/lib/action_dispatch/middleware/templates/rescues/_source.erb (1.1ms)
  Rendered /home/ja/.rvm/gems/ruby-2.1.1/gems/actionpack-4.1.0/lib/action_dispatch/middleware/templates/rescues/_trace.html.erb (2.2ms)
  Rendered /home/ja/.rvm/gems/ruby-2.1.1/gems/actionpack-4.1.0/lib/action_dispatch/middleware/templates/rescues/_request_and_response.html.erb (1.6ms)
  Rendered /home/ja/.rvm/gems/ruby-2.1.1/gems/actionpack-4.1.0/lib/action_dispatch/middleware/templates/rescues/diagnostics.erb within rescues/layout (17.8ms)


Started GET "/" for 127.0.0.1 at 2014-05-16 23:01:49 +0200
Processing by HomeController#index as HTML
  [1m[36mUser Load (0.3ms)[0m  [1mSELECT  "users".* FROM "users"  WHERE "users"."id" = ? LIMIT 1[0m  [["id", 1]]
  Rendered home/index.html.erb within layouts/application (4.8ms)
Completed 500 Internal Server Error in 628ms

ActiveRecord::RecordNotFound (Couldn't find User with 'id'=1):
  app/controllers/application_controller.rb:7:in `current_user'
  app/views/home/index.html.erb:2:in `_app_views_home_index_html_erb__2108093749753255440_48254060'


  Rendered /home/ja/.rvm/gems/ruby-2.1.1/gems/actionpack-4.1.0/lib/action_dispatch/middleware/templates/rescues/_source.erb (1.1ms)
  Rendered /home/ja/.rvm/gems/ruby-2.1.1/gems/actionpack-4.1.0/lib/action_dispatch/middleware/templates/rescues/_trace.html.erb (2.2ms)
  Rendered /home/ja/.rvm/gems/ruby-2.1.1/gems/actionpack-4.1.0/lib/action_dispatch/middleware/templates/rescues/_request_and_response.html.erb (1.5ms)
  Rendered /home/ja/.rvm/gems/ruby-2.1.1/gems/actionpack-4.1.0/lib/action_dispatch/middleware/templates/rescues/diagnostics.erb within rescues/layout (18.0ms)


Started GET "/" for 127.0.0.1 at 2014-05-16 23:01:51 +0200
Processing by HomeController#index as HTML
  [1m[35mUser Load (0.1ms)[0m  SELECT  "users".* FROM "users"  WHERE "users"."id" = ? LIMIT 1  [["id", 1]]
  Rendered home/index.html.erb within layouts/application (2.0ms)
Completed 500 Internal Server Error in 568ms

ActiveRecord::RecordNotFound (Couldn't find User with 'id'=1):
  app/controllers/application_controller.rb:7:in `current_user'
  app/views/home/index.html.erb:2:in `_app_views_home_index_html_erb__2108093749753255440_48254060'


  Rendered /home/ja/.rvm/gems/ruby-2.1.1/gems/actionpack-4.1.0/lib/action_dispatch/middleware/templates/rescues/_source.erb (1.1ms)
  Rendered /home/ja/.rvm/gems/ruby-2.1.1/gems/actionpack-4.1.0/lib/action_dispatch/middleware/templates/rescues/_trace.html.erb (2.3ms)
  Rendered /home/ja/.rvm/gems/ruby-2.1.1/gems/actionpack-4.1.0/lib/action_dispatch/middleware/templates/rescues/_request_and_response.html.erb (1.5ms)
  Rendered /home/ja/.rvm/gems/ruby-2.1.1/gems/actionpack-4.1.0/lib/action_dispatch/middleware/templates/rescues/diagnostics.erb within rescues/layout (18.5ms)
  [1m[36mActiveRecord::SchemaMigration Load (0.2ms)[0m  [1mSELECT "schema_migrations".* FROM "schema_migrations"[0m


Started GET "/" for 127.0.0.1 at 2014-05-16 23:04:26 +0200
  [1m[36mActiveRecord::SchemaMigration Load (0.2ms)[0m  [1mSELECT "schema_migrations".* FROM "schema_migrations"[0m
Processing by HomeController#index as HTML
  [1m[35mUser Load (0.3ms)[0m  SELECT  "users".* FROM "users"  WHERE "users"."id" = ? LIMIT 1  [["id", 1]]
  Rendered home/index.html.erb within layouts/application (14.9ms)
Completed 500 Internal Server Error in 1863ms

ActiveRecord::RecordNotFound (Couldn't find User with 'id'=1):
  app/controllers/application_controller.rb:7:in `current_user'
  app/views/home/index.html.erb:2:in `_app_views_home_index_html_erb__2494131408386164553_44073020'


  Rendered /home/ja/.rvm/gems/ruby-2.1.1/gems/actionpack-4.1.0/lib/action_dispatch/middleware/templates/rescues/_source.erb (1.1ms)
  Rendered /home/ja/.rvm/gems/ruby-2.1.1/gems/actionpack-4.1.0/lib/action_dispatch/middleware/templates/rescues/_trace.html.erb (2.1ms)
  Rendered /home/ja/.rvm/gems/ruby-2.1.1/gems/actionpack-4.1.0/lib/action_dispatch/middleware/templates/rescues/_request_and_response.html.erb (1.6ms)
  Rendered /home/ja/.rvm/gems/ruby-2.1.1/gems/actionpack-4.1.0/lib/action_dispatch/middleware/templates/rescues/diagnostics.erb within rescues/layout (18.8ms)


Started GET "/" for 127.0.0.1 at 2014-05-16 23:05:22 +0200
  [1m[36mActiveRecord::SchemaMigration Load (0.2ms)[0m  [1mSELECT "schema_migrations".* FROM "schema_migrations"[0m
Processing by HomeController#index as HTML
  Rendered home/index.html.erb within layouts/application (5994.2ms)
Completed 200 OK in 9056ms (Views: 6620.2ms | ActiveRecord: 0.0ms)


Started GET "/" for 127.0.0.1 at 2014-05-16 23:06:21 +0200
  [1m[36mActiveRecord::SchemaMigration Load (0.2ms)[0m  [1mSELECT "schema_migrations".* FROM "schema_migrations"[0m
Processing by HomeController#index as HTML
  [1m[35mUser Load (0.3ms)[0m  SELECT  "users".* FROM "users"  WHERE "users"."id" = ? LIMIT 1  [["id", 1]]
  Rendered home/index.html.erb within layouts/application (14.7ms)
Completed 500 Internal Server Error in 1618ms

ActiveRecord::RecordNotFound (Couldn't find User with 'id'=1):
  app/controllers/application_controller.rb:7:in `current_user'
  app/views/home/index.html.erb:2:in `_app_views_home_index_html_erb__50405556810522417_49227320'


  Rendered /home/ja/.rvm/gems/ruby-2.1.1/gems/actionpack-4.1.0/lib/action_dispatch/middleware/templates/rescues/_source.erb (1.1ms)
  Rendered /home/ja/.rvm/gems/ruby-2.1.1/gems/actionpack-4.1.0/lib/action_dispatch/middleware/templates/rescues/_trace.html.erb (2.1ms)
  Rendered /home/ja/.rvm/gems/ruby-2.1.1/gems/actionpack-4.1.0/lib/action_dispatch/middleware/templates/rescues/_request_and_response.html.erb (1.6ms)
  Rendered /home/ja/.rvm/gems/ruby-2.1.1/gems/actionpack-4.1.0/lib/action_dispatch/middleware/templates/rescues/diagnostics.erb within rescues/layout (17.9ms)


Started GET "/" for 127.0.0.1 at 2014-05-16 23:16:10 +0200
  [1m[36mActiveRecord::SchemaMigration Load (0.2ms)[0m  [1mSELECT "schema_migrations".* FROM "schema_migrations"[0m
Processing by HomeController#index as HTML
  [1m[35mUser Load (0.3ms)[0m  SELECT  "users".* FROM "users"  WHERE "users"."id" = ? LIMIT 1  [["id", 1]]
  Rendered home/index.html.erb within layouts/application (17.1ms)
Completed 500 Internal Server Error in 2761ms

ActiveRecord::RecordNotFound (Couldn't find User with 'id'=1):
  app/controllers/application_controller.rb:7:in `current_user'
  app/views/home/index.html.erb:2:in `_app_views_home_index_html_erb__658582989682217396_46810620'


  Rendered /home/ja/.rvm/gems/ruby-2.1.1/gems/actionpack-4.1.0/lib/action_dispatch/middleware/templates/rescues/_source.erb (1.1ms)
  Rendered /home/ja/.rvm/gems/ruby-2.1.1/gems/actionpack-4.1.0/lib/action_dispatch/middleware/templates/rescues/_trace.html.erb (2.2ms)
  Rendered /home/ja/.rvm/gems/ruby-2.1.1/gems/actionpack-4.1.0/lib/action_dispatch/middleware/templates/rescues/_request_and_response.html.erb (1.6ms)
  Rendered /home/ja/.rvm/gems/ruby-2.1.1/gems/actionpack-4.1.0/lib/action_dispatch/middleware/templates/rescues/diagnostics.erb within rescues/layout (18.9ms)


Started GET "/" for 127.0.0.1 at 2014-05-16 23:16:54 +0200
  [1m[36mActiveRecord::SchemaMigration Load (0.2ms)[0m  [1mSELECT "schema_migrations".* FROM "schema_migrations"[0m
Processing by HomeController#index as HTML
  [1m[35mUser Load (0.3ms)[0m  SELECT  "users".* FROM "users"  WHERE "users"."id" = ? LIMIT 1  [["id", 1]]
  Rendered home/index.html.erb within layouts/application (14.8ms)
Completed 500 Internal Server Error in 2677ms

ActiveRecord::RecordNotFound (Couldn't find User with 'id'=1):
  app/controllers/application_controller.rb:7:in `current_user'
  app/views/home/index.html.erb:2:in `_app_views_home_index_html_erb___187765323856577163_40393120'


  Rendered /home/ja/.rvm/gems/ruby-2.1.1/gems/actionpack-4.1.0/lib/action_dispatch/middleware/templates/rescues/_source.erb (1.1ms)
  Rendered /home/ja/.rvm/gems/ruby-2.1.1/gems/actionpack-4.1.0/lib/action_dispatch/middleware/templates/rescues/_trace.html.erb (2.1ms)
  Rendered /home/ja/.rvm/gems/ruby-2.1.1/gems/actionpack-4.1.0/lib/action_dispatch/middleware/templates/rescues/_request_and_response.html.erb (1.6ms)
  Rendered /home/ja/.rvm/gems/ruby-2.1.1/gems/actionpack-4.1.0/lib/action_dispatch/middleware/templates/rescues/diagnostics.erb within rescues/layout (17.8ms)


Started GET "/" for 127.0.0.1 at 2014-05-16 23:16:59 +0200
Processing by HomeController#index as HTML
  [1m[36mUser Load (0.3ms)[0m  [1mSELECT  "users".* FROM "users"  WHERE "users"."id" = ? LIMIT 1[0m  [["id", 1]]
  Rendered home/index.html.erb within layouts/application (3.2ms)
Completed 500 Internal Server Error in 573ms

ActiveRecord::RecordNotFound (Couldn't find User with 'id'=1):
  app/controllers/application_controller.rb:7:in `current_user'
  app/views/home/index.html.erb:2:in `_app_views_home_index_html_erb___187765323856577163_40393120'


  Rendered /home/ja/.rvm/gems/ruby-2.1.1/gems/actionpack-4.1.0/lib/action_dispatch/middleware/templates/rescues/_source.erb (1.2ms)
  Rendered /home/ja/.rvm/gems/ruby-2.1.1/gems/actionpack-4.1.0/lib/action_dispatch/middleware/templates/rescues/_trace.html.erb (2.2ms)
  Rendered /home/ja/.rvm/gems/ruby-2.1.1/gems/actionpack-4.1.0/lib/action_dispatch/middleware/templates/rescues/_request_and_response.html.erb (1.6ms)
  Rendered /home/ja/.rvm/gems/ruby-2.1.1/gems/actionpack-4.1.0/lib/action_dispatch/middleware/templates/rescues/diagnostics.erb within rescues/layout (18.0ms)


Started GET "/" for 127.0.0.1 at 2014-05-16 23:17:47 +0200
  [1m[36mActiveRecord::SchemaMigration Load (0.2ms)[0m  [1mSELECT "schema_migrations".* FROM "schema_migrations"[0m
Processing by HomeController#index as HTML
  [1m[35mUser Load (0.3ms)[0m  SELECT  "users".* FROM "users"  WHERE "users"."id" = ? LIMIT 1  [["id", 1]]
  Rendered home/index.html.erb within layouts/application (14.7ms)
Completed 500 Internal Server Error in 1617ms

ActiveRecord::RecordNotFound (Couldn't find User with 'id'=1):
  app/controllers/application_controller.rb:6:in `current_user'
  app/views/home/index.html.erb:2:in `_app_views_home_index_html_erb___751323496760425787_40221520'


  Rendered /home/ja/.rvm/gems/ruby-2.1.1/gems/actionpack-4.1.0/lib/action_dispatch/middleware/templates/rescues/_source.erb (1.2ms)
  Rendered /home/ja/.rvm/gems/ruby-2.1.1/gems/actionpack-4.1.0/lib/action_dispatch/middleware/templates/rescues/_trace.html.erb (2.1ms)
  Rendered /home/ja/.rvm/gems/ruby-2.1.1/gems/actionpack-4.1.0/lib/action_dispatch/middleware/templates/rescues/_request_and_response.html.erb (1.6ms)
  Rendered /home/ja/.rvm/gems/ruby-2.1.1/gems/actionpack-4.1.0/lib/action_dispatch/middleware/templates/rescues/diagnostics.erb within rescues/layout (18.1ms)


Started GET "/" for 127.0.0.1 at 2014-05-16 23:17:50 +0200
Processing by HomeController#index as HTML
  [1m[36mUser Load (0.3ms)[0m  [1mSELECT  "users".* FROM "users"  WHERE "users"."id" = ? LIMIT 1[0m  [["id", 1]]
  Rendered home/index.html.erb within layouts/application (3.3ms)
Completed 500 Internal Server Error in 548ms

ActiveRecord::RecordNotFound (Couldn't find User with 'id'=1):
  app/controllers/application_controller.rb:6:in `current_user'
  app/views/home/index.html.erb:2:in `_app_views_home_index_html_erb___751323496760425787_40221520'


  Rendered /home/ja/.rvm/gems/ruby-2.1.1/gems/actionpack-4.1.0/lib/action_dispatch/middleware/templates/rescues/_source.erb (1.2ms)
  Rendered /home/ja/.rvm/gems/ruby-2.1.1/gems/actionpack-4.1.0/lib/action_dispatch/middleware/templates/rescues/_trace.html.erb (2.1ms)
  Rendered /home/ja/.rvm/gems/ruby-2.1.1/gems/actionpack-4.1.0/lib/action_dispatch/middleware/templates/rescues/_request_and_response.html.erb (1.6ms)
  Rendered /home/ja/.rvm/gems/ruby-2.1.1/gems/actionpack-4.1.0/lib/action_dispatch/middleware/templates/rescues/diagnostics.erb within rescues/layout (18.1ms)


Started GET "/" for 127.0.0.1 at 2014-05-16 23:22:16 +0200
  [1m[36mActiveRecord::SchemaMigration Load (0.2ms)[0m  [1mSELECT "schema_migrations".* FROM "schema_migrations"[0m
Processing by HomeController#index as HTML
  [1m[35mUser Load (0.3ms)[0m  SELECT  "users".* FROM "users"  WHERE "users"."id" = ? LIMIT 1  [["id", 1]]
  Rendered home/index.html.erb within layouts/application (14.7ms)
Completed 500 Internal Server Error in 2514ms

ActiveRecord::RecordNotFound (Couldn't find User with 'id'=1):
  app/controllers/application_controller.rb:6:in `current_user'
  app/views/home/index.html.erb:2:in `_app_views_home_index_html_erb___753951481722463532_40243100'


  Rendered /home/ja/.rvm/gems/ruby-2.1.1/gems/actionpack-4.1.0/lib/action_dispatch/middleware/templates/rescues/_source.erb (1.1ms)
  Rendered /home/ja/.rvm/gems/ruby-2.1.1/gems/actionpack-4.1.0/lib/action_dispatch/middleware/templates/rescues/_trace.html.erb (2.2ms)
  Rendered /home/ja/.rvm/gems/ruby-2.1.1/gems/actionpack-4.1.0/lib/action_dispatch/middleware/templates/rescues/_request_and_response.html.erb (1.7ms)
  Rendered /home/ja/.rvm/gems/ruby-2.1.1/gems/actionpack-4.1.0/lib/action_dispatch/middleware/templates/rescues/diagnostics.erb within rescues/layout (18.4ms)


Started GET "/" for 127.0.0.1 at 2014-05-16 23:22:22 +0200
Processing by HomeController#index as HTML
  [1m[36mUser Load (0.3ms)[0m  [1mSELECT  "users".* FROM "users"  WHERE "users"."id" = ? LIMIT 1[0m  [["id", 1]]
  Rendered home/index.html.erb within layouts/application (4.5ms)
Completed 500 Internal Server Error in 551ms

ActiveRecord::RecordNotFound (Couldn't find User with 'id'=1):
  app/controllers/application_controller.rb:6:in `current_user'
  app/views/home/index.html.erb:2:in `_app_views_home_index_html_erb___753951481722463532_40243100'


  Rendered /home/ja/.rvm/gems/ruby-2.1.1/gems/actionpack-4.1.0/lib/action_dispatch/middleware/templates/rescues/_source.erb (1.1ms)
  Rendered /home/ja/.rvm/gems/ruby-2.1.1/gems/actionpack-4.1.0/lib/action_dispatch/middleware/templates/rescues/_trace.html.erb (2.2ms)
  Rendered /home/ja/.rvm/gems/ruby-2.1.1/gems/actionpack-4.1.0/lib/action_dispatch/middleware/templates/rescues/_request_and_response.html.erb (1.5ms)
  Rendered /home/ja/.rvm/gems/ruby-2.1.1/gems/actionpack-4.1.0/lib/action_dispatch/middleware/templates/rescues/diagnostics.erb within rescues/layout (17.7ms)


Started GET "/" for 127.0.0.1 at 2014-05-16 23:24:06 +0200
  [1m[36mActiveRecord::SchemaMigration Load (0.2ms)[0m  [1mSELECT "schema_migrations".* FROM "schema_migrations"[0m
Processing by HomeController#index as HTML
  Rendered home/index.html.erb within layouts/application (4480.7ms)
Completed 200 OK in 6770ms (Views: 4550.4ms | ActiveRecord: 0.0ms)


Started GET "/" for 127.0.0.1 at 2014-05-16 23:25:26 +0200
  [1m[36mActiveRecord::SchemaMigration Load (0.3ms)[0m  [1mSELECT "schema_migrations".* FROM "schema_migrations"[0m
Processing by HomeController#index as HTML
  Rendered home/index.html.erb within layouts/application (2.9ms)
Completed 200 OK in 2629ms (Views: 49.5ms | ActiveRecord: 0.0ms)


Started GET "/" for 127.0.0.1 at 2014-05-16 23:28:17 +0200
  [1m[36mActiveRecord::SchemaMigration Load (0.2ms)[0m  [1mSELECT "schema_migrations".* FROM "schema_migrations"[0m
Processing by HomeController#index as HTML
  Rendered home/index.html.erb within layouts/application (2.8ms)
Completed 200 OK in 2857ms (Views: 274.7ms | ActiveRecord: 0.0ms)


Started GET "/auth/facebook/callback" for 127.0.0.1 at 2014-05-16 23:28:33 +0200
(facebook) Callback phase initiated.
Processing by SessionsController#create as HTML
  Parameters: {"provider"=>"facebook"}
  [1m[35mUser Load (0.3ms)[0m  SELECT  "users".* FROM "users"  WHERE "users"."provider" = 'facebook' AND "users"."uid" = '634311409993884'  ORDER BY "users"."id" ASC LIMIT 1
  [1m[36m (0.2ms)[0m  [1mbegin transaction[0m
  [1m[35mSQL (0.5ms)[0m  INSERT INTO "users" ("created_at", "name", "oauth_expires_at", "oauth_token", "provider", "uid", "updated_at") VALUES (?, ?, ?, ?, ?, ?, ?)  [["created_at", "2014-05-16 21:28:35.520240"], ["name", "Kamil Szynkaruk"], ["oauth_expires_at", "2014-05-16 23:00:00.000000"], ["oauth_token", "CAADclRdO2QsBAKDc7gVft4gUI0i3Ngy9OfLtSNQBDajamF1cD156aQguWaZCFStrTL37zZCbGXUMCZAPqjfkQYMX8jlP4iakpB1tNo9XFPHhL3tjhvCDpAnUEETHZCFZBYotiNxjmSADVTfM3QgLkUKjWxjqVKfB0023rEfZCdncpufYW089s1ODjzz9FxO5UZD"], ["provider", "facebook"], ["uid", "634311409993884"], ["updated_at", "2014-05-16 21:28:35.520240"]]
  [1m[36m (147.3ms)[0m  [1mcommit transaction[0m
Redirected to http://localhost:3000/
Completed 302 Found in 179ms (ActiveRecord: 148.9ms)


Started GET "/" for 127.0.0.1 at 2014-05-16 23:28:35 +0200
Processing by HomeController#index as HTML
  [1m[35mUser Load (0.6ms)[0m  SELECT  "users".* FROM "users"  WHERE "users"."id" = ? LIMIT 1  [["id", 1]]
  Rendered home/index.html.erb within layouts/application (4776.5ms)
Completed 200 OK in 5487ms (Views: 4787.9ms | ActiveRecord: 0.6ms)


Started GET "/" for 127.0.0.1 at 2014-05-17 01:14:39 +0200
  [1m[36mActiveRecord::SchemaMigration Load (0.2ms)[0m  [1mSELECT "schema_migrations".* FROM "schema_migrations"[0m
Processing by HomeController#index as HTML
  [1m[35mUser Load (0.4ms)[0m  SELECT  "users".* FROM "users"  WHERE "users"."id" = ? LIMIT 1  [["id", 1]]
  Rendered home/index.html.erb within layouts/application (4732.2ms)
Completed 200 OK in 9545ms (Views: 5012.2ms | ActiveRecord: 0.8ms)


Started GET "/" for 127.0.0.1 at 2014-05-17 01:16:05 +0200
  [1m[36mActiveRecord::SchemaMigration Load (0.2ms)[0m  [1mSELECT "schema_migrations".* FROM "schema_migrations"[0m
Processing by HomeController#index as HTML
  [1m[35mUser Load (0.4ms)[0m  SELECT  "users".* FROM "users"  WHERE "users"."id" = ? LIMIT 1  [["id", 1]]
  Rendered home/index.html.erb within layouts/application (4873.9ms)
Completed 200 OK in 7045ms (Views: 5311.1ms | ActiveRecord: 0.9ms)
